#step   T      Ekin       Ethermo     E_LJ      E_LJ_corr   E_LJ_tot   Econs
0       270.4  1.439E+02  0.000E+00  -4.685E+00  -6.168E-01  -5.302E+00  1.386E+02
100000  268.1  1.427E+02  -1.128E+00  -4.629E+00  -6.168E-01  -5.246E+00  1.386E+02
200000  267.3  1.422E+02  -1.532E+00  -4.587E+00  -6.168E-01  -5.204E+00  1.386E+02
300000  267.2  1.422E+02  -1.532E+00  -4.557E+00  -6.168E-01  -5.174E+00  1.386E+02
400000  267.2  1.422E+02  -1.532E+00  -4.540E+00  -6.168E-01  -5.157E+00  1.386E+02
500000  267.1  1.421E+02  -1.599E+00  -4.534E+00  -6.168E-01  -5.151E+00  1.386E+02
600000  267.1  1.421E+02  -1.599E+00  -4.540E+00  -6.168E-01  -5.157E+00  1.386E+02
700000  267.1  1.421E+02  -1.599E+00  -4.558E+00  -6.168E-01  -5.175E+00  1.386E+02
800000  267.2  1.422E+02  -1.599E+00  -4.586E+00  -6.168E-01  -5.203E+00  1.386E+02
900000  260.9  1.388E+02  -4.986E+00  -4.624E+00  -6.168E-01  -5.241E+00  1.386E+02
1000000  256.6  1.365E+02  -7.334E+00  -4.673E+00  -6.168E-01  -5.290E+00  1.386E+02
1100000  255.3  1.358E+02  -8.089E+00  -4.739E+00  -6.168E-01  -5.356E+00  1.386E+02
1200000  261.6  1.392E+02  -4.813E+00  -4.811E+00  -6.168E-01  -5.428E+00  1.386E+02
1300000  269.8  1.435E+02  -5.232E-01  -4.891E+00  -6.168E-01  -5.507E+00  1.386E+02
1400000  272.6  1.451E+02  8.939E-01  -4.984E+00  -6.168E-01  -5.601E+00  1.386E+02
1500000  271.1  1.443E+02  8.136E-03  -5.091E+00  -6.168E-01  -5.708E+00  1.386E+02
1600000  271.4  1.444E+02  8.136E-03  -5.220E+00  -6.168E-01  -5.837E+00  1.386E+02
1700000  271.7  1.446E+02  8.136E-03  -5.376E+00  -6.168E-01  -5.992E+00  1.386E+02
1800000  272.0  1.447E+02  8.136E-03  -5.560E+00  -6.168E-01  -6.177E+00  1.386E+02
1900000  273.1  1.453E+02  3.930E-01  -5.776E+00  -6.168E-01  -6.393E+00  1.386E+02
2000000  272.9  1.452E+02  2.295E-02  -6.014E+00  -6.168E-01  -6.631E+00  1.386E+02
2100000  276.7  1.472E+02  1.790E+00  -6.246E+00  -6.168E-01  -6.863E+00  1.386E+02
2200000  276.8  1.473E+02  1.746E+00  -6.389E+00  -6.168E-01  -7.006E+00  1.386E+02
2300000  277.7  1.478E+02  2.347E+00  -6.243E+00  -6.168E-01  -6.860E+00  1.386E+02
2400000  278.5  1.482E+02  3.597E+00  -5.444E+00  -6.168E-01  -6.061E+00  1.386E+02
2500000  269.5  1.434E+02  3.180E-01  -3.907E+00  -6.168E-01  -4.524E+00  1.386E+02
2600000  268.0  1.426E+02  3.180E-01  -3.137E+00  -6.168E-01  -3.754E+00  1.386E+02
2700000  270.3  1.438E+02  3.180E-01  -4.328E+00  -6.168E-01  -4.944E+00  1.386E+02
2800000  278.6  1.483E+02  3.263E+00  -5.815E+00  -6.168E-01  -6.432E+00  1.386E+02
2900000  288.6  1.536E+02  7.691E+00  -6.716E+00  -6.168E-01  -7.332E+00  1.386E+02
3000000  280.2  1.491E+02  2.982E+00  -6.952E+00  -6.168E-01  -7.569E+00  1.386E+02
3100000  296.8  1.579E+02  1.180E+01  -6.936E+00  -6.168E-01  -7.553E+00  1.386E+02
3200000  298.2  1.587E+02  1.255E+01  -6.945E+00  -6.168E-01  -7.562E+00  1.386E+02
3300000  310.7  1.653E+02  1.913E+01  -7.013E+00  -6.168E-01  -7.630E+00  1.386E+02
3400000  310.8  1.654E+02  1.913E+01  -7.102E+00  -6.168E-01  -7.719E+00  1.386E+02
3500000  310.0  1.650E+02  1.865E+01  -7.140E+00  -6.168E-01  -7.757E+00  1.386E+02
3600000  316.0  1.682E+02  2.196E+01  -7.015E+00  -6.168E-01  -7.632E+00  1.386E+02
3700000  309.6  1.648E+02  1.838E+01  -7.204E+00  -6.168E-01  -7.821E+00  1.386E+02
3800000  312.2  1.661E+02  1.953E+01  -7.425E+00  -6.168E-01  -8.042E+00  1.386E+02
3900000  300.4  1.599E+02  1.322E+01  -7.452E+00  -6.168E-01  -8.069E+00  1.386E+02
4000000  291.1  1.549E+02  8.341E+00  -7.368E+00  -6.168E-01  -7.985E+00  1.386E+02
4100000  290.3  1.545E+02  8.368E+00  -6.948E+00  -6.168E-01  -7.565E+00  1.386E+02
4200000  288.5  1.535E+02  7.522E+00  -6.816E+00  -6.168E-01  -7.432E+00  1.386E+02
4300000  289.7  1.542E+02  7.522E+00  -7.448E+00  -6.168E-01  -8.064E+00  1.386E+02
4400000  286.9  1.527E+02  4.875E+00  -8.610E+00  -6.168E-01  -9.227E+00  1.386E+02
4500000  290.9  1.548E+02  5.905E+00  -9.722E+00  -6.168E-01  -1.034E+01  1.386E+02
4600000  295.0  1.570E+02  7.322E+00  -1.049E+01  -6.168E-01  -1.111E+01  1.386E+02
4700000  299.8  1.595E+02  9.425E+00  -1.092E+01  -6.168E-01  -1.154E+01  1.386E+02
4800000  300.0  1.596E+02  9.425E+00  -1.103E+01  -6.168E-01  -1.164E+01  1.386E+02
4900000  299.8  1.595E+02  9.314E+00  -1.105E+01  -6.168E-01  -1.166E+01  1.386E+02
5000000  296.6  1.578E+02  7.665E+00  -1.098E+01  -6.168E-01  -1.159E+01  1.386E+02
5100000  296.9  1.580E+02  7.931E+00  -1.087E+01  -6.168E-01  -1.149E+01  1.386E+02
5200000  295.7  1.574E+02  7.411E+00  -1.078E+01  -6.168E-01  -1.140E+01  1.386E+02
5300000  302.1  1.607E+02  1.078E+01  -1.079E+01  -6.168E-01  -1.141E+01  1.386E+02
5400000  310.6  1.653E+02  1.528E+01  -1.083E+01  -6.168E-01  -1.145E+01  1.386E+02
5500000  310.9  1.654E+02  1.528E+01  -1.099E+01  -6.168E-01  -1.161E+01  1.386E+02
5600000  311.4  1.657E+02  1.528E+01  -1.122E+01  -6.168E-01  -1.184E+01  1.386E+02
5700000  330.2  1.757E+02  2.509E+01  -1.146E+01  -6.168E-01  -1.208E+01  1.386E+02
5800000  330.6  1.759E+02  2.509E+01  -1.167E+01  -6.168E-01  -1.229E+01  1.386E+02
5900000  332.9  1.772E+02  2.627E+01  -1.171E+01  -6.168E-01  -1.232E+01  1.386E+02
6000000  333.0  1.772E+02  2.627E+01  -1.172E+01  -6.168E-01  -1.234E+01  1.386E+02
6100000  340.7  1.813E+02  3.031E+01  -1.180E+01  -6.168E-01  -1.242E+01  1.386E+02
6200000  345.1  1.837E+02  3.248E+01  -1.200E+01  -6.168E-01  -1.261E+01  1.386E+02
6300000  345.5  1.839E+02  3.248E+01  -1.221E+01  -6.168E-01  -1.283E+01  1.386E+02
6400000  343.5  1.828E+02  3.115E+01  -1.243E+01  -6.168E-01  -1.305E+01  1.386E+02
6500000  343.9  1.830E+02  3.115E+01  -1.265E+01  -6.168E-01  -1.326E+01  1.386E+02
6600000  361.6  1.924E+02  4.043E+01  -1.282E+01  -6.168E-01  -1.344E+01  1.386E+02
6700000  361.9  1.926E+02  4.043E+01  -1.298E+01  -6.168E-01  -1.360E+01  1.386E+02
6800000  349.8  1.861E+02  3.385E+01  -1.311E+01  -6.168E-01  -1.372E+01  1.386E+02
6900000  338.6  1.802E+02  2.779E+01  -1.319E+01  -6.168E-01  -1.381E+01  1.386E+02
7000000  332.3  1.768E+02  2.441E+01  -1.324E+01  -6.168E-01  -1.386E+01  1.386E+02
7100000  332.4  1.769E+02  2.441E+01  -1.327E+01  -6.168E-01  -1.389E+01  1.386E+02
7200000  324.5  1.727E+02  2.021E+01  -1.329E+01  -6.168E-01  -1.391E+01  1.386E+02
7300000  327.3  1.742E+02  2.167E+01  -1.331E+01  -6.168E-01  -1.393E+01  1.386E+02
7400000  327.3  1.742E+02  2.167E+01  -1.334E+01  -6.168E-01  -1.395E+01  1.386E+02
7500000  327.4  1.742E+02  2.167E+01  -1.335E+01  -6.168E-01  -1.397E+01  1.386E+02
7600000  328.0  1.745E+02  2.200E+01  -1.335E+01  -6.168E-01  -1.397E+01  1.386E+02
7700000  322.5  1.716E+02  1.910E+01  -1.334E+01  -6.168E-01  -1.395E+01  1.386E+02
7800000  317.9  1.692E+02  1.665E+01  -1.332E+01  -6.168E-01  -1.393E+01  1.386E+02
7900000  314.1  1.671E+02  1.467E+01  -1.329E+01  -6.168E-01  -1.390E+01  1.386E+02
8000000  307.6  1.637E+02  1.124E+01  -1.327E+01  -6.168E-01  -1.389E+01  1.386E+02
8100000  303.2  1.613E+02  8.769E+00  -1.338E+01  -6.168E-01  -1.400E+01  1.386E+02
8200000  307.9  1.638E+02  1.117E+01  -1.349E+01  -6.168E-01  -1.411E+01  1.386E+02
8300000  308.1  1.639E+02  1.117E+01  -1.358E+01  -6.168E-01  -1.420E+01  1.386E+02
8400000  308.2  1.640E+02  1.117E+01  -1.367E+01  -6.168E-01  -1.428E+01  1.386E+02
8500000  308.4  1.641E+02  1.117E+01  -1.377E+01  -6.168E-01  -1.438E+01  1.386E+02
8600000  307.0  1.633E+02  1.030E+01  -1.387E+01  -6.168E-01  -1.448E+01  1.386E+02
8700000  305.6  1.626E+02  9.504E+00  -1.396E+01  -6.168E-01  -1.457E+01  1.386E+02
8800000  305.8  1.627E+02  9.504E+00  -1.403E+01  -6.168E-01  -1.465E+01  1.386E+02
8900000  318.4  1.694E+02  1.624E+01  -1.401E+01  -6.168E-01  -1.463E+01  1.386E+02
9000000  315.0  1.676E+02  1.456E+01  -1.390E+01  -6.168E-01  -1.452E+01  1.386E+02
9100000  313.7  1.669E+02  1.404E+01  -1.370E+01  -6.168E-01  -1.432E+01  1.386E+02
9200000  315.1  1.677E+02  1.488E+01  -1.363E+01  -6.168E-01  -1.425E+01  1.386E+02
9300000  315.0  1.676E+02  1.488E+01  -1.358E+01  -6.168E-01  -1.419E+01  1.386E+02
9400000  314.6  1.674E+02  1.488E+01  -1.335E+01  -6.168E-01  -1.397E+01  1.386E+02
9500000  313.5  1.668E+02  1.488E+01  -1.275E+01  -6.168E-01  -1.337E+01  1.386E+02
9600000  312.1  1.661E+02  1.523E+01  -1.167E+01  -6.168E-01  -1.229E+01  1.386E+02
9700000  298.2  1.587E+02  8.787E+00  -1.070E+01  -6.168E-01  -1.132E+01  1.386E+02
9800000  297.1  1.581E+02  8.787E+00  -1.013E+01  -6.168E-01  -1.074E+01  1.386E+02
9900000  296.4  1.577E+02  8.787E+00  -9.732E+00  -6.168E-01  -1.035E+01  1.386E+02
10000000  283.3  1.507E+02  2.280E+00  -9.289E+00  -6.168E-01  -9.906E+00  1.386E+02
10100000  302.8  1.611E+02  1.258E+01  -9.387E+00  -6.168E-01  -1.000E+01  1.386E+02
10200000  294.6  1.567E+02  7.944E+00  -9.623E+00  -6.168E-01  -1.024E+01  1.386E+02
10300000  302.5  1.609E+02  1.181E+01  -9.956E+00  -6.168E-01  -1.057E+01  1.386E+02
10400000  294.9  1.569E+02  7.380E+00  -1.034E+01  -6.168E-01  -1.096E+01  1.386E+02
10500000  303.4  1.615E+02  1.136E+01  -1.092E+01  -6.168E-01  -1.154E+01  1.386E+02
10600000  298.4  1.588E+02  7.801E+00  -1.183E+01  -6.168E-01  -1.244E+01  1.386E+02
10700000  300.3  1.598E+02  7.801E+00  -1.283E+01  -6.168E-01  -1.345E+01  1.386E+02
10800000  302.2  1.608E+02  7.801E+00  -1.384E+01  -6.168E-01  -1.446E+01  1.386E+02
10900000  303.7  1.616E+02  7.801E+00  -1.464E+01  -6.168E-01  -1.526E+01  1.386E+02
11000000  309.2  1.645E+02  1.011E+01  -1.522E+01  -6.168E-01  -1.584E+01  1.386E+02
11100000  319.2  1.699E+02  1.505E+01  -1.562E+01  -6.168E-01  -1.624E+01  1.386E+02
11200000  316.8  1.686E+02  1.352E+01  -1.590E+01  -6.168E-01  -1.652E+01  1.386E+02
11300000  326.8  1.739E+02  1.861E+01  -1.610E+01  -6.168E-01  -1.672E+01  1.386E+02
11400000  328.3  1.747E+02  1.925E+01  -1.627E+01  -6.168E-01  -1.689E+01  1.386E+02
11500000  330.8  1.760E+02  2.038E+01  -1.645E+01  -6.168E-01  -1.706E+01  1.386E+02
11600000  346.2  1.842E+02  2.842E+01  -1.663E+01  -6.168E-01  -1.725E+01  1.386E+02
11700000  346.6  1.844E+02  2.842E+01  -1.682E+01  -6.168E-01  -1.743E+01  1.386E+02
11800000  346.9  1.846E+02  2.842E+01  -1.698E+01  -6.168E-01  -1.760E+01  1.386E+02
11900000  349.5  1.860E+02  2.970E+01  -1.709E+01  -6.168E-01  -1.771E+01  1.386E+02
12000000  356.5  1.897E+02  3.339E+01  -1.712E+01  -6.168E-01  -1.774E+01  1.386E+02
12100000  362.0  1.926E+02  3.644E+01  -1.702E+01  -6.168E-01  -1.764E+01  1.386E+02
12200000  363.7  1.935E+02  3.758E+01  -1.675E+01  -6.168E-01  -1.737E+01  1.386E+02
12300000  357.0  1.900E+02  3.450E+01  -1.630E+01  -6.168E-01  -1.692E+01  1.386E+02
12400000  351.5  1.870E+02  3.213E+01  -1.572E+01  -6.168E-01  -1.634E+01  1.386E+02
12500000  346.7  1.845E+02  3.009E+01  -1.522E+01  -6.168E-01  -1.584E+01  1.386E+02
12600000  346.3  1.843E+02  3.009E+01  -1.502E+01  -6.168E-01  -1.564E+01  1.386E+02
12700000  342.3  1.821E+02  2.782E+01  -1.515E+01  -6.168E-01  -1.576E+01  1.386E+02
12800000  345.6  1.839E+02  2.934E+01  -1.537E+01  -6.168E-01  -1.598E+01  1.386E+02
12900000  340.7  1.813E+02  2.696E+01  -1.513E+01  -6.168E-01  -1.575E+01  1.386E+02
13000000  339.0  1.804E+02  2.696E+01  -1.422E+01  -6.168E-01  -1.484E+01  1.386E+02
13100000  338.2  1.800E+02  2.696E+01  -1.384E+01  -6.168E-01  -1.446E+01  1.386E+02
13200000  336.5  1.791E+02  2.469E+01  -1.521E+01  -6.168E-01  -1.583E+01  1.386E+02
13300000  339.7  1.808E+02  2.469E+01  -1.691E+01  -6.168E-01  -1.752E+01  1.386E+02
13400000  341.5  1.817E+02  2.469E+01  -1.783E+01  -6.168E-01  -1.844E+01  1.386E+02
13500000  338.5  1.801E+02  2.287E+01  -1.809E+01  -6.168E-01  -1.871E+01  1.386E+02
13600000  338.3  1.800E+02  2.287E+01  -1.799E+01  -6.168E-01  -1.860E+01  1.386E+02
13700000  337.7  1.797E+02  2.287E+01  -1.766E+01  -6.168E-01  -1.828E+01  1.386E+02
13800000  337.0  1.793E+02  2.294E+01  -1.721E+01  -6.168E-01  -1.783E+01  1.386E+02
13900000  336.1  1.788E+02  2.294E+01  -1.671E+01  -6.168E-01  -1.733E+01  1.386E+02
14000000  324.5  1.727E+02  1.720E+01  -1.627E+01  -6.168E-01  -1.689E+01  1.386E+02
14100000  328.3  1.747E+02  1.948E+01  -1.605E+01  -6.168E-01  -1.667E+01  1.386E+02
14200000  327.2  1.741E+02  1.882E+01  -1.611E+01  -6.168E-01  -1.673E+01  1.386E+02
14300000  332.5  1.769E+02  2.148E+01  -1.628E+01  -6.168E-01  -1.689E+01  1.386E+02
14400000  336.4  1.790E+02  2.338E+01  -1.647E+01  -6.168E-01  -1.709E+01  1.386E+02
14500000  336.9  1.793E+02  2.349E+01  -1.662E+01  -6.168E-01  -1.724E+01  1.386E+02
14600000  322.9  1.718E+02  1.599E+01  -1.667E+01  -6.168E-01  -1.729E+01  1.386E+02
14700000  322.8  1.718E+02  1.599E+01  -1.658E+01  -6.168E-01  -1.720E+01  1.386E+02
14800000  316.2  1.682E+02  1.273E+01  -1.634E+01  -6.168E-01  -1.696E+01  1.386E+02
14900000  323.1  1.719E+02  1.681E+01  -1.595E+01  -6.168E-01  -1.656E+01  1.386E+02
15000000  317.2  1.688E+02  1.418E+01  -1.541E+01  -6.168E-01  -1.602E+01  1.386E+02
15100000  310.9  1.654E+02  1.157E+01  -1.467E+01  -6.168E-01  -1.528E+01  1.386E+02
15200000  298.0  1.585E+02  5.760E+00  -1.361E+01  -6.168E-01  -1.422E+01  1.386E+02
15300000  297.4  1.583E+02  7.090E+00  -1.199E+01  -6.168E-01  -1.260E+01  1.386E+02
15400000  293.9  1.564E+02  7.090E+00  -1.013E+01  -6.168E-01  -1.075E+01  1.386E+02
15500000  290.2  1.544E+02  5.754E+00  -9.482E+00  -6.168E-01  -1.010E+01  1.386E+02
15600000  293.0  1.559E+02  5.754E+00  -1.098E+01  -6.168E-01  -1.159E+01  1.386E+02
15700000  317.0  1.687E+02  1.607E+01  -1.344E+01  -6.168E-01  -1.406E+01  1.386E+02
15800000  324.0  1.724E+02  1.786E+01  -1.535E+01  -6.168E-01  -1.597E+01  1.386E+02
15900000  325.9  1.734E+02  1.786E+01  -1.637E+01  -6.168E-01  -1.699E+01  1.386E+02
16000000  327.7  1.744E+02  1.853E+01  -1.669E+01  -6.168E-01  -1.731E+01  1.386E+02
16100000  333.7  1.776E+02  2.176E+01  -1.665E+01  -6.168E-01  -1.727E+01  1.386E+02
16200000  315.6  1.680E+02  1.218E+01  -1.659E+01  -6.168E-01  -1.721E+01  1.386E+02
16300000  315.4  1.678E+02  1.218E+01  -1.645E+01  -6.168E-01  -1.707E+01  1.386E+02
16400000  314.8  1.675E+02  1.218E+01  -1.615E+01  -6.168E-01  -1.677E+01  1.386E+02
16500000  312.5  1.663E+02  1.154E+01  -1.559E+01  -6.168E-01  -1.620E+01  1.386E+02
16600000  291.6  1.552E+02  1.238E+00  -1.477E+01  -6.168E-01  -1.539E+01  1.386E+02
16700000  286.7  1.526E+02  -3.822E-01  -1.378E+01  -6.168E-01  -1.440E+01  1.386E+02
16800000  285.1  1.517E+02  -3.822E-01  -1.292E+01  -6.168E-01  -1.354E+01  1.386E+02
16900000  284.5  1.514E+02  -3.822E-01  -1.261E+01  -6.168E-01  -1.323E+01  1.386E+02
17000000  285.0  1.516E+02  -5.689E-01  -1.303E+01  -6.168E-01  -1.364E+01  1.386E+02
17100000  286.5  1.525E+02  -5.689E-01  -1.386E+01  -6.168E-01  -1.447E+01  1.386E+02
17200000  288.0  1.533E+02  -5.689E-01  -1.466E+01  -6.168E-01  -1.528E+01  1.386E+02
17300000  288.9  1.537E+02  -5.689E-01  -1.512E+01  -6.168E-01  -1.574E+01  1.386E+02
17400000  293.9  1.564E+02  2.080E+00  -1.512E+01  -6.168E-01  -1.574E+01  1.386E+02
17500000  300.1  1.597E+02  5.671E+00  -1.483E+01  -6.168E-01  -1.545E+01  1.386E+02
17600000  302.7  1.611E+02  7.290E+00  -1.460E+01  -6.168E-01  -1.522E+01  1.386E+02
17700000  304.3  1.619E+02  8.166E+00  -1.456E+01  -6.168E-01  -1.518E+01  1.386E+02
17800000  296.4  1.577E+02  4.027E+00  -1.451E+01  -6.168E-01  -1.512E+01  1.386E+02
17900000  296.6  1.578E+02  4.244E+00  -1.443E+01  -6.168E-01  -1.504E+01  1.386E+02
18000000  299.1  1.592E+02  5.552E+00  -1.442E+01  -6.168E-01  -1.504E+01  1.386E+02
18100000  299.2  1.592E+02  5.552E+00  -1.450E+01  -6.168E-01  -1.512E+01  1.386E+02
18200000  295.9  1.574E+02  3.767E+00  -1.449E+01  -6.168E-01  -1.510E+01  1.386E+02
18300000  290.4  1.545E+02  1.742E+00  -1.362E+01  -6.168E-01  -1.423E+01  1.386E+02
18400000  286.4  1.524E+02  1.904E+00  -1.129E+01  -6.168E-01  -1.191E+01  1.386E+02
18500000  285.0  1.517E+02  1.904E+00  -1.060E+01  -6.168E-01  -1.121E+01  1.386E+02
18600000  289.7  1.542E+02  1.904E+00  -1.308E+01  -6.168E-01  -1.370E+01  1.386E+02
18700000  296.4  1.577E+02  3.894E+00  -1.467E+01  -6.168E-01  -1.529E+01  1.386E+02
18800000  319.5  1.700E+02  1.595E+01  -1.486E+01  -6.168E-01  -1.548E+01  1.386E+02
18900000  318.7  1.696E+02  1.595E+01  -1.446E+01  -6.168E-01  -1.508E+01  1.386E+02
19000000  315.6  1.679E+02  1.460E+01  -1.413E+01  -6.168E-01  -1.475E+01  1.386E+02
19100000  316.2  1.682E+02  1.476E+01  -1.429E+01  -6.168E-01  -1.491E+01  1.386E+02
19200000  324.3  1.726E+02  1.856E+01  -1.485E+01  -6.168E-01  -1.547E+01  1.386E+02
19300000  327.9  1.745E+02  1.989E+01  -1.540E+01  -6.168E-01  -1.602E+01  1.386E+02
19400000  322.7  1.717E+02  1.702E+01  -1.552E+01  -6.168E-01  -1.614E+01  1.386E+02
19500000  319.7  1.701E+02  1.600E+01  -1.493E+01  -6.168E-01  -1.555E+01  1.386E+02
19600000  315.6  1.680E+02  1.520E+01  -1.358E+01  -6.168E-01  -1.420E+01  1.386E+02
19700000  307.6  1.637E+02  1.257E+01  -1.195E+01  -6.168E-01  -1.256E+01  1.386E+02
19800000  311.0  1.655E+02  1.555E+01  -1.074E+01  -6.168E-01  -1.136E+01  1.386E+02
19900000  299.8  1.595E+02  1.048E+01  -9.868E+00  -6.168E-01  -1.048E+01  1.386E+02
20000000  305.3  1.625E+02  1.493E+01  -8.355E+00  -6.168E-01  -8.972E+00  1.386E+02
20100000  302.9  1.612E+02  1.493E+01  -7.096E+00  -6.168E-01  -7.713E+00  1.386E+02
20200000  297.4  1.583E+02  1.078E+01  -8.315E+00  -6.168E-01  -8.932E+00  1.386E+02
20300000  301.5  1.605E+02  1.034E+01  -1.094E+01  -6.168E-01  -1.156E+01  1.386E+02
20400000  304.7  1.621E+02  1.034E+01  -1.263E+01  -6.168E-01  -1.325E+01  1.386E+02
20500000  307.8  1.638E+02  1.103E+01  -1.359E+01  -6.168E-01  -1.420E+01  1.386E+02
20600000  296.8  1.579E+02  4.206E+00  -1.455E+01  -6.168E-01  -1.517E+01  1.386E+02
20700000  290.9  1.548E+02  1.809E-01  -1.541E+01  -6.168E-01  -1.603E+01  1.386E+02
20800000  278.5  1.482E+02  -6.759E+00  -1.578E+01  -6.168E-01  -1.639E+01  1.386E+02
20900000  283.4  1.508E+02  -4.220E+00  -1.583E+01  -6.168E-01  -1.645E+01  1.386E+02
21000000  266.4  1.417E+02  -1.331E+01  -1.586E+01  -6.168E-01  -1.648E+01  1.386E+02
21100000  271.8  1.446E+02  -1.080E+01  -1.623E+01  -6.168E-01  -1.685E+01  1.386E+02
21200000  288.9  1.537E+02  -2.006E+00  -1.657E+01  -6.168E-01  -1.719E+01  1.386E+02
21300000  299.3  1.592E+02  3.352E+00  -1.672E+01  -6.168E-01  -1.733E+01  1.386E+02
21400000  299.6  1.594E+02  3.352E+00  -1.690E+01  -6.168E-01  -1.752E+01  1.386E+02
21500000  299.5  1.594E+02  3.352E+00  -1.684E+01  -6.168E-01  -1.745E+01  1.386E+02
21600000  293.7  1.563E+02  4.818E-01  -1.662E+01  -6.168E-01  -1.723E+01  1.386E+02
21700000  293.3  1.561E+02  4.818E-01  -1.641E+01  -6.168E-01  -1.703E+01  1.386E+02
21800000  277.8  1.478E+02  -7.767E+00  -1.639E+01  -6.168E-01  -1.700E+01  1.386E+02
21900000  278.0  1.479E+02  -7.767E+00  -1.653E+01  -6.168E-01  -1.714E+01  1.386E+02
22000000  278.4  1.481E+02  -7.767E+00  -1.671E+01  -6.168E-01  -1.733E+01  1.386E+02
22100000  283.9  1.511E+02  -4.960E+00  -1.683E+01  -6.168E-01  -1.745E+01  1.386E+02
22200000  288.6  1.536E+02  -2.416E+00  -1.681E+01  -6.168E-01  -1.743E+01  1.386E+02
22300000  289.6  1.541E+02  -1.682E+00  -1.661E+01  -6.168E-01  -1.723E+01  1.386E+02
22400000  288.9  1.537E+02  -1.682E+00  -1.621E+01  -6.168E-01  -1.683E+01  1.386E+02
22500000  285.7  1.520E+02  -2.858E+00  -1.569E+01  -6.168E-01  -1.630E+01  1.386E+02
22600000  284.7  1.515E+02  -2.858E+00  -1.517E+01  -6.168E-01  -1.579E+01  1.386E+02
22700000  291.9  1.553E+02  1.415E+00  -1.474E+01  -6.168E-01  -1.535E+01  1.386E+02
22800000  291.6  1.552E+02  1.415E+00  -1.457E+01  -6.168E-01  -1.519E+01  1.386E+02
22900000  288.6  1.536E+02  -5.616E-01  -1.498E+01  -6.168E-01  -1.560E+01  1.386E+02
23000000  292.1  1.554E+02  1.521E-01  -1.612E+01  -6.168E-01  -1.673E+01  1.386E+02
23100000  297.9  1.585E+02  1.820E+00  -1.753E+01  -6.168E-01  -1.815E+01  1.386E+02
23200000  308.2  1.640E+02  5.828E+00  -1.897E+01  -6.168E-01  -1.959E+01  1.386E+02
23300000  308.0  1.639E+02  5.307E+00  -1.939E+01  -6.168E-01  -2.001E+01  1.386E+02
23400000  313.7  1.669E+02  8.521E+00  -1.921E+01  -6.168E-01  -1.983E+01  1.386E+02
23500000  312.3  1.662E+02  8.521E+00  -1.847E+01  -6.168E-01  -1.909E+01  1.386E+02
23600000  307.8  1.638E+02  7.367E+00  -1.725E+01  -6.168E-01  -1.786E+01  1.386E+02
23700000  296.1  1.575E+02  2.399E+00  -1.597E+01  -6.168E-01  -1.659E+01  1.386E+02
23800000  300.0  1.596E+02  5.055E+00  -1.541E+01  -6.168E-01  -1.603E+01  1.386E+02
23900000  309.0  1.644E+02  9.320E+00  -1.594E+01  -6.168E-01  -1.656E+01  1.386E+02
24000000  312.0  1.660E+02  9.833E+00  -1.702E+01  -6.168E-01  -1.764E+01  1.386E+02
24100000  311.5  1.658E+02  8.676E+00  -1.791E+01  -6.168E-01  -1.853E+01  1.386E+02
24200000  309.6  1.648E+02  7.271E+00  -1.832E+01  -6.168E-01  -1.893E+01  1.386E+02
24300000  300.2  1.597E+02  2.152E+00  -1.840E+01  -6.168E-01  -1.902E+01  1.386E+02
24400000  308.0  1.639E+02  6.319E+00  -1.840E+01  -6.168E-01  -1.902E+01  1.386E+02
24500000  308.2  1.640E+02  6.319E+00  -1.848E+01  -6.168E-01  -1.910E+01  1.386E+02
24600000  308.6  1.642E+02  6.319E+00  -1.872E+01  -6.168E-01  -1.933E+01  1.386E+02
24700000  305.5  1.625E+02  4.259E+00  -1.910E+01  -6.168E-01  -1.972E+01  1.386E+02
24800000  308.3  1.641E+02  5.380E+00  -1.952E+01  -6.168E-01  -2.013E+01  1.386E+02
24900000  315.2  1.677E+02  8.719E+00  -1.985E+01  -6.168E-01  -2.047E+01  1.386E+02
25000000  315.4  1.679E+02  8.719E+00  -1.995E+01  -6.168E-01  -2.057E+01  1.386E+02
25100000  315.5  1.679E+02  9.073E+00  -1.962E+01  -6.168E-01  -2.024E+01  1.386E+02
25200000  313.6  1.669E+02  9.073E+00  -1.860E+01  -6.168E-01  -1.922E+01  1.386E+02
25300000  298.6  1.589E+02  2.855E+00  -1.688E+01  -6.168E-01  -1.750E+01  1.386E+02
25400000  296.1  1.576E+02  2.855E+00  -1.554E+01  -6.168E-01  -1.615E+01  1.386E+02
25500000  293.8  1.564E+02  6.854E-02  -1.711E+01  -6.168E-01  -1.773E+01  1.386E+02
25600000  301.2  1.603E+02  2.137E+00  -1.898E+01  -6.168E-01  -1.960E+01  1.386E+02
25700000  296.2  1.576E+02  -1.282E+00  -1.971E+01  -6.168E-01  -2.033E+01  1.386E+02
25800000  289.7  1.542E+02  -4.854E+00  -1.983E+01  -6.168E-01  -2.044E+01  1.386E+02
25900000  297.7  1.584E+02  -4.087E-01  -1.965E+01  -6.168E-01  -2.027E+01  1.386E+02
26000000  289.7  1.542E+02  -4.398E+00  -1.938E+01  -6.168E-01  -2.000E+01  1.386E+02
26100000  288.6  1.536E+02  -4.812E+00  -1.919E+01  -6.168E-01  -1.981E+01  1.386E+02
26200000  289.3  1.539E+02  -4.310E+00  -1.907E+01  -6.168E-01  -1.969E+01  1.386E+02
26300000  291.1  1.549E+02  -3.180E+00  -1.893E+01  -6.168E-01  -1.955E+01  1.386E+02
26400000  291.3  1.550E+02  -3.180E+00  -1.899E+01  -6.168E-01  -1.961E+01  1.386E+02
26500000  292.3  1.555E+02  -2.865E+00  -1.921E+01  -6.168E-01  -1.983E+01  1.386E+02
26600000  293.7  1.563E+02  -2.347E+00  -1.945E+01  -6.168E-01  -2.006E+01  1.386E+02
26700000  297.9  1.585E+02  -4.108E-02  -1.936E+01  -6.168E-01  -1.998E+01  1.386E+02
26800000  299.3  1.593E+02  1.160E+00  -1.894E+01  -6.168E-01  -1.956E+01  1.386E+02
26900000  297.6  1.584E+02  1.160E+00  -1.802E+01  -6.168E-01  -1.864E+01  1.386E+02
27000000  294.9  1.569E+02  1.160E+00  -1.656E+01  -6.168E-01  -1.717E+01  1.386E+02
27100000  293.2  1.560E+02  1.876E+00  -1.498E+01  -6.168E-01  -1.560E+01  1.386E+02
27200000  296.3  1.576E+02  4.439E+00  -1.403E+01  -6.168E-01  -1.464E+01  1.386E+02
27300000  295.6  1.573E+02  4.439E+00  -1.367E+01  -6.168E-01  -1.429E+01  1.386E+02
27400000  294.4  1.567E+02  3.437E+00  -1.406E+01  -6.168E-01  -1.467E+01  1.386E+02
27500000  289.2  1.539E+02  1.168E-01  -1.457E+01  -6.168E-01  -1.519E+01  1.386E+02
27600000  288.5  1.535E+02  -4.883E-01  -1.482E+01  -6.168E-01  -1.544E+01  1.386E+02
27700000  288.4  1.535E+02  -4.883E-01  -1.479E+01  -6.168E-01  -1.541E+01  1.386E+02
27800000  294.4  1.567E+02  2.536E+00  -1.495E+01  -6.168E-01  -1.557E+01  1.386E+02
27900000  289.8  1.542E+02  -7.263E-01  -1.577E+01  -6.168E-01  -1.639E+01  1.386E+02
28000000  292.2  1.555E+02  -7.263E-01  -1.702E+01  -6.168E-01  -1.764E+01  1.386E+02
28100000  294.3  1.566E+02  -7.263E-01  -1.815E+01  -6.168E-01  -1.877E+01  1.386E+02
28200000  296.5  1.578E+02  4.812E-01  -1.814E+01  -6.168E-01  -1.876E+01  1.386E+02
28300000  290.5  1.546E+02  -2.524E+00  -1.791E+01  -6.168E-01  -1.853E+01  1.386E+02
28400000  289.9  1.543E+02  -2.524E+00  -1.761E+01  -6.168E-01  -1.823E+01  1.386E+02
28500000  289.3  1.539E+02  -2.524E+00  -1.727E+01  -6.168E-01  -1.789E+01  1.386E+02
28600000  288.8  1.537E+02  -2.524E+00  -1.700E+01  -6.168E-01  -1.762E+01  1.386E+02
28700000  303.5  1.615E+02  5.339E+00  -1.698E+01  -6.168E-01  -1.759E+01  1.386E+02
28800000  294.6  1.567E+02  3.360E-01  -1.723E+01  -6.168E-01  -1.785E+01  1.386E+02
28900000  293.3  1.561E+02  -6.636E-01  -1.757E+01  -6.168E-01  -1.819E+01  1.386E+02
29000000  296.5  1.578E+02  8.606E-01  -1.774E+01  -6.168E-01  -1.836E+01  1.386E+02
29100000  296.2  1.576E+02  8.606E-01  -1.755E+01  -6.168E-01  -1.817E+01  1.386E+02
29200000  295.2  1.571E+02  8.606E-01  -1.705E+01  -6.168E-01  -1.767E+01  1.386E+02
29300000  292.7  1.558E+02  -2.802E-01  -1.685E+01  -6.168E-01  -1.747E+01  1.386E+02
29400000  294.3  1.566E+02  -2.802E-01  -1.769E+01  -6.168E-01  -1.830E+01  1.386E+02
29500000  295.3  1.571E+02  -1.167E+00  -1.912E+01  -6.168E-01  -1.973E+01  1.386E+02
29600000  304.3  1.619E+02  2.378E+00  -2.036E+01  -6.168E-01  -2.098E+01  1.386E+02
29700000  305.6  1.626E+02  2.378E+00  -2.106E+01  -6.168E-01  -2.168E+01  1.386E+02
29800000  307.0  1.633E+02  2.891E+00  -2.128E+01  -6.168E-01  -2.189E+01  1.386E+02
29900000  310.2  1.651E+02  4.644E+00  -2.124E+01  -6.168E-01  -2.186E+01  1.386E+02
30000000  325.5  1.732E+02  1.288E+01  -2.112E+01  -6.168E-01  -2.174E+01  1.386E+02
30100000  324.0  1.724E+02  1.225E+01  -2.099E+01  -6.168E-01  -2.160E+01  1.386E+02
30200000  317.0  1.687E+02  8.694E+00  -2.078E+01  -6.168E-01  -2.140E+01  1.386E+02
30300000  313.9  1.670E+02  7.491E+00  -2.035E+01  -6.168E-01  -2.097E+01  1.386E+02
30400000  325.5  1.732E+02  1.442E+01  -1.963E+01  -6.168E-01  -2.025E+01  1.386E+02
30500000  341.4  1.817E+02  2.366E+01  -1.884E+01  -6.168E-01  -1.945E+01  1.386E+02
30600000  340.8  1.814E+02  2.366E+01  -1.852E+01  -6.168E-01  -1.913E+01  1.386E+02
30700000  341.6  1.818E+02  2.366E+01  -1.892E+01  -6.168E-01  -1.953E+01  1.386E+02
30800000  341.1  1.815E+02  2.275E+01  -1.960E+01  -6.168E-01  -2.022E+01  1.386E+02
30900000  331.3  1.763E+02  1.702E+01  -2.009E+01  -6.168E-01  -2.071E+01  1.386E+02
31000000  331.6  1.764E+02  1.702E+01  -2.025E+01  -6.168E-01  -2.086E+01  1.386E+02
31100000  334.3  1.779E+02  1.855E+01  -2.017E+01  -6.168E-01  -2.079E+01  1.386E+02
31200000  334.2  1.778E+02  1.855E+01  -2.010E+01  -6.168E-01  -2.071E+01  1.386E+02
31300000  334.3  1.779E+02  1.855E+01  -2.015E+01  -6.168E-01  -2.077E+01  1.386E+02
31400000  334.1  1.778E+02  1.855E+01  -2.003E+01  -6.168E-01  -2.064E+01  1.386E+02
31500000  341.1  1.815E+02  2.303E+01  -1.929E+01  -6.168E-01  -1.990E+01  1.386E+02
31600000  337.7  1.797E+02  2.243E+01  -1.808E+01  -6.168E-01  -1.870E+01  1.386E+02
31700000  339.5  1.807E+02  2.363E+01  -1.784E+01  -6.168E-01  -1.846E+01  1.386E+02
31800000  347.3  1.848E+02  2.644E+01  -1.919E+01  -6.168E-01  -1.981E+01  1.386E+02
31900000  350.3  1.864E+02  2.644E+01  -2.079E+01  -6.168E-01  -2.140E+01  1.386E+02
32000000  351.6  1.871E+02  2.644E+01  -2.145E+01  -6.168E-01  -2.207E+01  1.386E+02
32100000  336.4  1.790E+02  1.883E+01  -2.101E+01  -6.168E-01  -2.162E+01  1.386E+02
32200000  326.0  1.735E+02  1.440E+01  -1.991E+01  -6.168E-01  -2.052E+01  1.386E+02
32300000  323.8  1.723E+02  1.440E+01  -1.872E+01  -6.168E-01  -1.934E+01  1.386E+02
32400000  319.2  1.699E+02  1.319E+01  -1.748E+01  -6.168E-01  -1.810E+01  1.386E+02
32500000  316.5  1.684E+02  1.319E+01  -1.606E+01  -6.168E-01  -1.668E+01  1.386E+02
32600000  306.6  1.631E+02  8.930E+00  -1.502E+01  -6.168E-01  -1.563E+01  1.386E+02
32700000  307.3  1.635E+02  8.930E+00  -1.540E+01  -6.168E-01  -1.602E+01  1.386E+02
32800000  309.5  1.647E+02  8.516E+00  -1.701E+01  -6.168E-01  -1.763E+01  1.386E+02
32900000  312.7  1.664E+02  8.516E+00  -1.871E+01  -6.168E-01  -1.933E+01  1.386E+02
33000000  306.7  1.632E+02  4.142E+00  -1.990E+01  -6.168E-01  -2.051E+01  1.386E+02
33100000  304.7  1.622E+02  2.472E+00  -2.050E+01  -6.168E-01  -2.112E+01  1.386E+02
33200000  309.3  1.646E+02  4.992E+00  -2.041E+01  -6.168E-01  -2.103E+01  1.386E+02
33300000  308.5  1.642E+02  4.992E+00  -2.000E+01  -6.168E-01  -2.061E+01  1.386E+02
33400000  316.4  1.684E+02  9.595E+00  -1.962E+01  -6.168E-01  -2.023E+01  1.386E+02
33500000  314.4  1.673E+02  8.646E+00  -1.948E+01  -6.168E-01  -2.010E+01  1.386E+02
33600000  314.5  1.673E+02  8.646E+00  -1.951E+01  -6.168E-01  -2.012E+01  1.386E+02
33700000  314.2  1.672E+02  8.618E+00  -1.938E+01  -6.168E-01  -2.000E+01  1.386E+02
33800000  313.1  1.666E+02  8.784E+00  -1.866E+01  -6.168E-01  -1.928E+01  1.386E+02
33900000  310.7  1.653E+02  9.566E+00  -1.659E+01  -6.168E-01  -1.721E+01  1.386E+02
34000000  297.0  1.581E+02  5.821E+00  -1.306E+01  -6.168E-01  -1.368E+01  1.386E+02
34100000  298.6  1.589E+02  7.844E+00  -1.187E+01  -6.168E-01  -1.248E+01  1.386E+02
34200000  304.7  1.621E+02  7.844E+00  -1.512E+01  -6.168E-01  -1.574E+01  1.386E+02
34300000  310.6  1.653E+02  7.844E+00  -1.824E+01  -6.168E-01  -1.886E+01  1.386E+02
34400000  313.1  1.666E+02  7.844E+00  -1.956E+01  -6.168E-01  -2.018E+01  1.386E+02
34500000  297.9  1.585E+02  -5.799E-01  -1.992E+01  -6.168E-01  -2.054E+01  1.386E+02
34600000  296.3  1.577E+02  -1.347E+00  -1.984E+01  -6.168E-01  -2.046E+01  1.386E+02
34700000  295.7  1.573E+02  -1.347E+00  -1.951E+01  -6.168E-01  -2.013E+01  1.386E+02
34800000  294.7  1.568E+02  -1.347E+00  -1.899E+01  -6.168E-01  -1.960E+01  1.386E+02
34900000  304.1  1.618E+02  4.346E+00  -1.830E+01  -6.168E-01  -1.892E+01  1.386E+02
35000000  301.1  1.602E+02  3.419E+00  -1.763E+01  -6.168E-01  -1.825E+01  1.386E+02
35100000  300.3  1.598E+02  3.419E+00  -1.720E+01  -6.168E-01  -1.781E+01  1.386E+02
35200000  290.8  1.547E+02  -1.609E+00  -1.716E+01  -6.168E-01  -1.778E+01  1.386E+02
35300000  289.4  1.540E+02  -2.600E+00  -1.740E+01  -6.168E-01  -1.802E+01  1.386E+02
35400000  293.7  1.563E+02  -4.398E-01  -1.755E+01  -6.168E-01  -1.817E+01  1.386E+02
35500000  298.4  1.588E+02  2.322E+00  -1.728E+01  -6.168E-01  -1.790E+01  1.386E+02
35600000  287.0  1.527E+02  -2.943E+00  -1.650E+01  -6.168E-01  -1.711E+01  1.386E+02
35700000  286.9  1.526E+02  -2.410E+00  -1.588E+01  -6.168E-01  -1.650E+01  1.386E+02
35800000  288.9  1.537E+02  -1.161E+00  -1.569E+01  -6.168E-01  -1.631E+01  1.386E+02
35900000  286.4  1.524E+02  -2.892E+00  -1.611E+01  -6.168E-01  -1.673E+01  1.386E+02
36000000  286.7  1.526E+02  -3.527E+00  -1.693E+01  -6.168E-01  -1.755E+01  1.386E+02
36100000  288.6  1.536E+02  -3.527E+00  -1.790E+01  -6.168E-01  -1.852E+01  1.386E+02
36200000  287.5  1.530E+02  -4.959E+00  -1.876E+01  -6.168E-01  -1.937E+01  1.386E+02
36300000  277.7  1.478E+02  -1.081E+01  -1.942E+01  -6.168E-01  -2.004E+01  1.386E+02
36400000  281.4  1.497E+02  -9.190E+00  -1.975E+01  -6.168E-01  -2.037E+01  1.386E+02
36500000  275.1  1.464E+02  -1.262E+01  -1.983E+01  -6.168E-01  -2.045E+01  1.386E+02
36600000  276.3  1.471E+02  -1.183E+01  -1.970E+01  -6.168E-01  -2.032E+01  1.386E+02
36700000  266.8  1.420E+02  -1.659E+01  -1.940E+01  -6.168E-01  -2.002E+01  1.386E+02
36800000  263.7  1.403E+02  -1.785E+01  -1.898E+01  -6.168E-01  -1.960E+01  1.386E+02
36900000  264.6  1.408E+02  -1.697E+01  -1.862E+01  -6.168E-01  -1.923E+01  1.386E+02
37000000  260.5  1.386E+02  -1.914E+01  -1.860E+01  -6.168E-01  -1.921E+01  1.386E+02
37100000  250.3  1.332E+02  -2.503E+01  -1.901E+01  -6.168E-01  -1.963E+01  1.386E+02
37200000  245.9  1.309E+02  -2.793E+01  -1.960E+01  -6.168E-01  -2.022E+01  1.386E+02
37300000  246.7  1.313E+02  -2.796E+01  -2.006E+01  -6.168E-01  -2.067E+01  1.386E+02
37400000  245.0  1.304E+02  -2.923E+01  -2.040E+01  -6.168E-01  -2.102E+01  1.386E+02
37500000  245.2  1.305E+02  -2.923E+01  -2.052E+01  -6.168E-01  -2.114E+01  1.386E+02
37600000  245.0  1.304E+02  -2.923E+01  -2.040E+01  -6.168E-01  -2.102E+01  1.386E+02
37700000  239.5  1.274E+02  -3.184E+01  -2.010E+01  -6.168E-01  -2.072E+01  1.386E+02
37800000  248.7  1.323E+02  -2.662E+01  -1.976E+01  -6.168E-01  -2.038E+01  1.386E+02
37900000  240.2  1.278E+02  -3.086E+01  -1.948E+01  -6.168E-01  -2.010E+01  1.386E+02
38000000  239.9  1.277E+02  -3.086E+01  -1.935E+01  -6.168E-01  -1.996E+01  1.386E+02
38100000  239.9  1.277E+02  -3.086E+01  -1.933E+01  -6.168E-01  -1.994E+01  1.386E+02
38200000  252.6  1.344E+02  -2.415E+01  -1.936E+01  -6.168E-01  -1.998E+01  1.386E+02
38300000  258.8  1.377E+02  -2.088E+01  -1.941E+01  -6.168E-01  -2.003E+01  1.386E+02
38400000  258.8  1.377E+02  -2.088E+01  -1.944E+01  -6.168E-01  -2.006E+01  1.386E+02
38500000  254.9  1.356E+02  -2.295E+01  -1.940E+01  -6.168E-01  -2.001E+01  1.386E+02
38600000  269.6  1.434E+02  -1.502E+01  -1.928E+01  -6.168E-01  -1.990E+01  1.386E+02
38700000  269.3  1.433E+02  -1.493E+01  -1.904E+01  -6.168E-01  -1.966E+01  1.386E+02
38800000  267.6  1.424E+02  -1.550E+01  -1.870E+01  -6.168E-01  -1.932E+01  1.386E+02
38900000  275.7  1.467E+02  -1.085E+01  -1.836E+01  -6.168E-01  -1.898E+01  1.386E+02
39000000  274.4  1.460E+02  -1.138E+01  -1.821E+01  -6.168E-01  -1.883E+01  1.386E+02
39100000  287.9  1.532E+02  -4.312E+00  -1.833E+01  -6.168E-01  -1.895E+01  1.386E+02
39200000  294.4  1.566E+02  -1.164E+00  -1.863E+01  -6.168E-01  -1.925E+01  1.386E+02
39300000  290.2  1.544E+02  -3.692E+00  -1.895E+01  -6.168E-01  -1.957E+01  1.386E+02
39400000  290.7  1.547E+02  -3.692E+00  -1.922E+01  -6.168E-01  -1.983E+01  1.386E+02
39500000  283.7  1.510E+02  -7.575E+00  -1.936E+01  -6.168E-01  -1.998E+01  1.386E+02
39600000  283.8  1.510E+02  -7.575E+00  -1.942E+01  -6.168E-01  -2.004E+01  1.386E+02
39700000  283.8  1.510E+02  -7.575E+00  -1.940E+01  -6.168E-01  -2.001E+01  1.386E+02
39800000  282.4  1.503E+02  -8.206E+00  -1.930E+01  -6.168E-01  -1.991E+01  1.386E+02
39900000  273.6  1.456E+02  -1.272E+01  -1.914E+01  -6.168E-01  -1.976E+01  1.386E+02
40000000  282.3  1.502E+02  -7.884E+00  -1.890E+01  -6.168E-01  -1.952E+01  1.386E+02
40100000  281.3  1.497E+02  -7.884E+00  -1.838E+01  -6.168E-01  -1.899E+01  1.386E+02
40200000  275.6  1.467E+02  -1.001E+01  -1.751E+01  -6.168E-01  -1.812E+01  1.386E+02
40300000  284.6  1.515E+02  -4.913E+00  -1.720E+01  -6.168E-01  -1.782E+01  1.386E+02
40400000  284.3  1.513E+02  -4.913E+00  -1.702E+01  -6.168E-01  -1.763E+01  1.386E+02
40500000  277.4  1.476E+02  -8.336E+00  -1.674E+01  -6.168E-01  -1.736E+01  1.386E+02
40600000  277.4  1.476E+02  -7.892E+00  -1.632E+01  -6.168E-01  -1.693E+01  1.386E+02
40700000  290.2  1.544E+02  -5.223E-01  -1.575E+01  -6.168E-01  -1.637E+01  1.386E+02
40800000  284.3  1.513E+02  -3.354E+00  -1.543E+01  -6.168E-01  -1.605E+01  1.386E+02
40900000  290.0  1.543E+02  -5.514E-01  -1.568E+01  -6.168E-01  -1.630E+01  1.386E+02
41000000  289.9  1.543E+02  -5.514E-01  -1.564E+01  -6.168E-01  -1.626E+01  1.386E+02
41100000  289.1  1.539E+02  -5.514E-01  -1.524E+01  -6.168E-01  -1.585E+01  1.386E+02
41200000  290.2  1.544E+02  6.346E-01  -1.461E+01  -6.168E-01  -1.522E+01  1.386E+02
41300000  289.9  1.543E+02  6.346E-01  -1.444E+01  -6.168E-01  -1.506E+01  1.386E+02
41400000  299.2  1.592E+02  4.793E+00  -1.524E+01  -6.168E-01  -1.586E+01  1.386E+02
41500000  301.7  1.605E+02  4.793E+00  -1.658E+01  -6.168E-01  -1.719E+01  1.386E+02
41600000  303.8  1.617E+02  4.793E+00  -1.769E+01  -6.168E-01  -1.831E+01  1.386E+02
41700000  302.4  1.609E+02  3.453E+00  -1.828E+01  -6.168E-01  -1.889E+01  1.386E+02
41800000  305.5  1.626E+02  4.935E+00  -1.844E+01  -6.168E-01  -1.906E+01  1.386E+02
41900000  302.2  1.608E+02  3.223E+00  -1.839E+01  -6.168E-01  -1.901E+01  1.386E+02
42000000  299.0  1.591E+02  1.675E+00  -1.824E+01  -6.168E-01  -1.886E+01  1.386E+02
42100000  309.4  1.646E+02  7.385E+00  -1.806E+01  -6.168E-01  -1.868E+01  1.386E+02
42200000  306.0  1.628E+02  5.673E+00  -1.799E+01  -6.168E-01  -1.861E+01  1.386E+02
42300000  302.0  1.607E+02  3.464E+00  -1.807E+01  -6.168E-01  -1.869E+01  1.386E+02
42400000  305.2  1.624E+02  4.956E+00  -1.826E+01  -6.168E-01  -1.888E+01  1.386E+02
42500000  308.0  1.639E+02  6.248E+00  -1.849E+01  -6.168E-01  -1.911E+01  1.386E+02
42600000  308.5  1.641E+02  6.248E+00  -1.872E+01  -6.168E-01  -1.934E+01  1.386E+02
42700000  308.7  1.643E+02  6.248E+00  -1.882E+01  -6.168E-01  -1.944E+01  1.386E+02
42800000  294.1  1.565E+02  -1.296E+00  -1.863E+01  -6.168E-01  -1.925E+01  1.386E+02
42900000  296.8  1.579E+02  6.932E-01  -1.806E+01  -6.168E-01  -1.868E+01  1.386E+02
43000000  302.6  1.610E+02  4.710E+00  -1.711E+01  -6.168E-01  -1.772E+01  1.386E+02
43100000  301.2  1.603E+02  4.710E+00  -1.640E+01  -6.168E-01  -1.702E+01  1.386E+02
43200000  288.1  1.533E+02  -2.316E+00  -1.645E+01  -6.168E-01  -1.707E+01  1.386E+02
43300000  284.8  1.516E+02  -4.669E+00  -1.705E+01  -6.168E-01  -1.767E+01  1.386E+02
43400000  286.1  1.523E+02  -4.669E+00  -1.774E+01  -6.168E-01  -1.836E+01  1.386E+02
43500000  287.0  1.527E+02  -4.706E+00  -1.823E+01  -6.168E-01  -1.884E+01  1.386E+02
43600000  284.4  1.513E+02  -6.117E+00  -1.825E+01  -6.168E-01  -1.887E+01  1.386E+02
43700000  277.7  1.477E+02  -8.613E+00  -1.718E+01  -6.168E-01  -1.780E+01  1.386E+02
43800000  272.5  1.450E+02  -8.985E+00  -1.481E+01  -6.168E-01  -1.543E+01  1.386E+02
43900000  265.5  1.413E+02  -9.542E+00  -1.165E+01  -6.168E-01  -1.227E+01  1.386E+02
44000000  262.8  1.398E+02  -9.542E+00  -1.021E+01  -6.168E-01  -1.083E+01  1.386E+02
44100000  266.5  1.418E+02  -9.415E+00  -1.204E+01  -6.168E-01  -1.266E+01  1.386E+02
44200000  272.3  1.449E+02  -9.415E+00  -1.514E+01  -6.168E-01  -1.576E+01  1.386E+02
44300000  285.9  1.521E+02  -4.612E+00  -1.756E+01  -6.168E-01  -1.818E+01  1.386E+02
44400000  291.0  1.549E+02  -2.947E+00  -1.863E+01  -6.168E-01  -1.925E+01  1.386E+02
44500000  300.7  1.600E+02  2.108E+00  -1.870E+01  -6.168E-01  -1.931E+01  1.386E+02
44600000  294.0  1.564E+02  -1.026E+00  -1.828E+01  -6.168E-01  -1.889E+01  1.386E+02
44700000  299.9  1.596E+02  2.753E+00  -1.765E+01  -6.168E-01  -1.826E+01  1.386E+02
44800000  293.9  1.564E+02  4.037E-01  -1.682E+01  -6.168E-01  -1.744E+01  1.386E+02
44900000  293.3  1.561E+02  4.037E-01  -1.649E+01  -6.168E-01  -1.711E+01  1.386E+02
45000000  281.2  1.496E+02  -6.268E+00  -1.674E+01  -6.168E-01  -1.735E+01  1.386E+02
45100000  266.7  1.419E+02  -1.458E+01  -1.733E+01  -6.168E-01  -1.794E+01  1.386E+02
45200000  269.0  1.432E+02  -1.394E+01  -1.792E+01  -6.168E-01  -1.853E+01  1.386E+02
45300000  277.4  1.476E+02  -9.854E+00  -1.828E+01  -6.168E-01  -1.889E+01  1.386E+02
45400000  286.8  1.526E+02  -4.908E+00  -1.834E+01  -6.168E-01  -1.896E+01  1.386E+02
45500000  285.5  1.519E+02  -5.468E+00  -1.820E+01  -6.168E-01  -1.882E+01  1.386E+02
45600000  292.2  1.555E+02  -1.677E+00  -1.798E+01  -6.168E-01  -1.860E+01  1.386E+02
45700000  287.4  1.530E+02  -4.000E+00  -1.778E+01  -6.168E-01  -1.839E+01  1.386E+02
45800000  286.9  1.527E+02  -4.000E+00  -1.750E+01  -6.168E-01  -1.812E+01  1.386E+02
45900000  282.5  1.503E+02  -5.903E+00  -1.706E+01  -6.168E-01  -1.768E+01  1.386E+02
46000000  289.9  1.543E+02  -1.444E+00  -1.653E+01  -6.168E-01  -1.715E+01  1.386E+02
46100000  289.1  1.538E+02  -1.444E+00  -1.610E+01  -6.168E-01  -1.671E+01  1.386E+02
46200000  301.2  1.603E+02  5.455E+00  -1.562E+01  -6.168E-01  -1.624E+01  1.386E+02
46300000  299.0  1.591E+02  5.455E+00  -1.445E+01  -6.168E-01  -1.507E+01  1.386E+02
46400000  295.9  1.575E+02  5.455E+00  -1.282E+01  -6.168E-01  -1.343E+01  1.386E+02
46500000  293.2  1.560E+02  4.681E+00  -1.214E+01  -6.168E-01  -1.276E+01  1.386E+02
46600000  303.3  1.614E+02  1.013E+01  -1.210E+01  -6.168E-01  -1.272E+01  1.386E+02
46700000  303.1  1.613E+02  1.013E+01  -1.195E+01  -6.168E-01  -1.257E+01  1.386E+02
46800000  306.2  1.630E+02  1.181E+01  -1.197E+01  -6.168E-01  -1.259E+01  1.386E+02
46900000  303.8  1.617E+02  9.886E+00  -1.261E+01  -6.168E-01  -1.322E+01  1.386E+02
